  DirectionalLight.cpp
  LambertMaterial.cpp
  LambertPhongMaterial.cpp
  Light.cpp
  Material.cpp
  PerspectiveCamera.cpp
  ERenderer.cpp
  ETimer.cpp
  main.cpp
  Geometry.cpp
  Plane.cpp
  PointLight.cpp
  SceneGraph.cpp
  SceneManager.cpp
  Sphere.cpp
  Generating Code...
  RayTracer.vcxproj -> D:\Documents\School\DAE\Semester 3.5\Graphics Programming 1\RayTracer\bin\Debug\RayTracer.exe
  D:\Documents\School\DAE\Semester 3.5\Graphics Programming 1\RayTracer\source\..\lib\sdl2-2.0.9\x64\SDL2.dll
  1 File(s) copied
  File not found - vld_x64.dll
  0 File(s) copied
  File not found - dbghelp.dll
  0 File(s) copied
  D:\Documents\School\DAE\Semester 3.5\Graphics Programming 1\RayTracer\source\..\lib\vld\x64\Microsoft.DTfW.DHL.manifest
  1 File(s) copied
